commit 967c07011e71ee66643c8526ad04fac853da6879
Merge: caea47b de36329
Author: Jheinember Jimenez <54987070+jheinember16@users.noreply.github.com>
Date:   Tue Oct 4 11:49:57 2022 -0400

    Merge pull request #2 from jheinember16/readme-stiven
    
    Readme stiven

commit caea47b593adb899af11b2a0fc5828c7852ac119
Merge: 61f4d17 ac4e2e2
Author: Jheinember Jimenez <54987070+jheinember16@users.noreply.github.com>
Date:   Tue Oct 4 11:49:32 2022 -0400

    Merge pull request #1 from jheinember/main
    
    Mas cambios

commit de36329cad1b08c7b6e8600a0ae939fcd0db9825
Author: Stiven Jimenez <jheinember@gmail.com>
Date:   Tue Oct 4 11:41:45 2022 -0400

    Haciendo mas mejoras al README del repositorio

commit ac4e2e214addbecf5338e26267c7b2654b407c5e
Merge: 6735db0 487197d
Author: jheinember <114972441+jheinember@users.noreply.github.com>
Date:   Tue Oct 4 11:06:45 2022 -0400

    Merge pull request #1 from jheinember16/readme-stiven
    
    Readme stiven

commit 487197df2f497a525ad70c684027e156e35c2406
Author: Stiven Jimenez <jheinember@gmail.com>
Date:   Tue Oct 4 10:29:41 2022 -0400

    Haciendo mejoras al README del repositorio

commit 61f4d173f7a4b9bc1add02b868abafa77c6d454b
Author: Stiven Jimenez <jheinember@gmail.com>
Date:   Tue Oct 4 09:55:52 2022 -0400

    Cambio de prueba de la segunda cuenta de git

commit 6735db0dfc157d88a8abd66326257d595a33d375
Author: jheinember16 <jheinemberstithjn@ufps.edu.co>
Date:   Mon Oct 3 17:15:26 2022 -0400

    Agregando imagen de flujo Git y poniendo chulo el index.html

commit 5427a09509a60efc729e9d9d15ac594832931a25
Author: jheinember16 <jheinemberstithjn@ufps.edu.co>
Date:   Mon Oct 3 16:42:11 2022 -0400

    v1.0.0

commit e27018519962dcea5a16b2cd5596a75cee4a4e0e
Author: jheinember16 <jheinemberstithjn@ufps.edu.co>
Date:   Mon Oct 3 13:04:09 2022 -0400

    Respaldando logs del repositorio

commit 006912267ee36867343cae32100e43d193521d24
Author: jheinember16 <jheinemberstithjn@ufps.edu.co>
Date:   Mon Oct 3 11:55:58 2022 -0400

    Agregando 2 parrafos

commit 6e543842ff1487459f6ea0587fd97fbb7c7806cc
Merge: 29c6c16 aa455ce
Author: jheinember16 <jheinemberstithjn@ufps.edu.co>
Date:   Sun Oct 2 14:14:40 2022 -0400

    Resolviendo conflicto en estaciones del año y fechas de inicio

commit 29c6c16ca67b837b82f8985c02b1d4bec682101d
Author: jheinember16 <jheinemberstithjn@ufps.edu.co>
Date:   Sat Oct 1 16:36:42 2022 -0400

    Agregando estaciones del año con fecha de inicio

commit aa455ce1c73fd1a4d9efac5e0b277f530b546393
Author: jheinember16 <jheinemberstithjn@ufps.edu.co>
Date:   Sat Oct 1 16:36:42 2022 -0400

    Agregando las estaciones del año

commit 830c799543d6d67f2fe97d050bcdebf834c2aea4
Merge: 6af7a53 4eef82b
Author: jheinember16 <jheinemberstithjn@ufps.edu.co>
Date:   Thu Sep 29 23:01:01 2022 -0400

    Resolviendo conflicto merge main/html en el documento index.html

commit 4eef82b4962fcb13c44a00079891df731bd8d073
Author: jheinember16 <jheinemberstithjn@ufps.edu.co>
Date:   Thu Sep 29 22:47:48 2022 -0400

    Agregando index.js al index.html

commit 6af7a5305505107f7afe7981bb89e9806ab5cbeb
Author: jheinember16 <jheinemberstithjn@ufps.edu.co>
Date:   Thu Sep 29 22:39:56 2022 -0400

    Agregando style.css al index.html

commit d29dfa5d370480207a66d6f044e038969d651fe6
Merge: 2e234c2 e73272e
Author: jheinember16 <jheinemberstithjn@ufps.edu.co>
Date:   Thu Sep 29 22:22:43 2022 -0400

    Merge branch 'js'

commit e73272e1016eed1fe071f76b8a8a132922e6fe0b
Author: jheinember16 <jheinemberstithjn@ufps.edu.co>
Date:   Thu Sep 29 22:16:15 2022 -0400

    Creando index.js

commit 2e234c2f232ead621244cf17c0213aa41b0d5f9c
Author: jheinember16 <jheinemberstithjn@ufps.edu.co>
Date:   Thu Sep 29 20:28:24 2022 -0400

    Creando style.css

commit 509c76370aabe98f8a88590fa128db6acc6a9514
Author: jheinember16 <jheinemberstithjn@ufps.edu.co>
Date:   Thu Sep 29 16:26:14 2022 -0400

    Creando  index.html

commit 30e5618ed632f664b3227ec3297302b29ec3c407
Author: jheinember16 <jheinemberstithjn@ufps.edu.co>
Date:   Thu Sep 29 16:08:21 2022 -0400

    Ignorando archivos .exe

commit 78526b86cbc2c2487dc613834044b7057ffbcf5d
Author: Jheinember Jimenez <54987070+jheinember16@users.noreply.github.com>
Date:   Tue Sep 27 18:22:37 2022 -0400

    Creando licencia del repositorio

commit 61ebe3ffe47665753df63351418c1cefadc5ea67
Author: jheinember16 <jheinemberstithjn@ufps.edu.co>
Date:   Tue Sep 27 18:14:24 2022 -0400

    Agregando mas contenido al README

commit 1d38d4b9116e67bd26dcc8b9c20183de77eff877
Author: jheinember16 <jheinemberstithjn@ufps.edu.co>
Date:   Sun Sep 25 14:50:54 2022 -0400

    Agregando contenido inicial al README

commit 130ce153b45524ed6d8681c92a68d9fe144cc0ad
Author: jheinember16 <jheinemberstithjn@ufps.edu.co>
Date:   Sat Sep 24 23:37:27 2022 -0400

    Primer commit
